0 info it worked if it ends with ok
1 verbose cli [ '/usr/local/bin/node', '/usr/local/bin/npm', 'run', 'lint' ]
2 info using npm@3.8.3
3 info using node@v5.10.1
4 verbose run-script [ 'prelint', 'lint', 'postlint' ]
5 info lifecycle gdg-madrid@1.0.0~prelint: gdg-madrid@1.0.0
6 silly lifecycle gdg-madrid@1.0.0~prelint: no script for prelint, continuing
7 info lifecycle gdg-madrid@1.0.0~lint: gdg-madrid@1.0.0
8 verbose lifecycle gdg-madrid@1.0.0~lint: unsafe-perm in lifecycle true
9 verbose lifecycle gdg-madrid@1.0.0~lint: PATH: /usr/local/lib/node_modules/npm/bin/node-gyp-bin:/Users/agutierrez/Projects/gdgmadrid/gdg-madrid/node_modules/.bin:/usr/local/bin:/Users/agutierrez/.rvm/gems/ruby-2.3.0/bin:/Users/agutierrez/.rvm/gems/ruby-2.3.0@global/bin:/Users/agutierrez/.rvm/rubies/ruby-2.3.0/bin:/Users/agutierrez/.rbenv/shims:/Library/Frameworks/Python.framework/Versions/3.5/bin:/Users/agutierrez/.rbenv/shims:/usr/local/bin:/usr/bin:/bin:/usr/sbin:/sbin:/opt/X11/bin:/Users/agutierrez/.rvm/bin
10 verbose lifecycle gdg-madrid@1.0.0~lint: CWD: /Users/agutierrez/Projects/gdgmadrid/gdg-madrid
11 silly lifecycle gdg-madrid@1.0.0~lint: Args: [ '-c', 'gulp lint' ]
12 info lifecycle gdg-madrid@1.0.0~lint: Failed to exec lint script
13 verbose stack Error: gdg-madrid@1.0.0 lint: `gulp lint`
13 verbose stack spawn ENOENT
13 verbose stack     at ChildProcess.<anonymous> (/usr/local/lib/node_modules/npm/lib/utils/spawn.js:17:16)
13 verbose stack     at emitTwo (events.js:100:13)
13 verbose stack     at ChildProcess.emit (events.js:185:7)
13 verbose stack     at maybeClose (internal/child_process.js:850:16)
13 verbose stack     at Process.ChildProcess._handle.onexit (internal/child_process.js:215:5)
14 verbose pkgid gdg-madrid@1.0.0
15 verbose cwd /Users/agutierrez/Projects/gdgmadrid/gdg-madrid
16 error Darwin 15.3.0
17 error argv "/usr/local/bin/node" "/usr/local/bin/npm" "run" "lint"
18 error node v5.10.1
19 error npm  v3.8.3
20 error file sh
21 error code ELIFECYCLE
22 error errno ENOENT
23 error syscall spawn
24 error gdg-madrid@1.0.0 lint: `gulp lint`
24 error spawn ENOENT
25 error Failed at the gdg-madrid@1.0.0 lint script 'gulp lint'.
25 error Make sure you have the latest version of node.js and npm installed.
25 error If you do, this is most likely a problem with the gdg-madrid package,
25 error not with npm itself.
25 error Tell the author that this fails on your system:
25 error     gulp lint
25 error You can get information on how to open an issue for this project with:
25 error     npm bugs gdg-madrid
25 error Or if that isn't available, you can get their info via:
25 error     npm owner ls gdg-madrid
25 error There is likely additional logging output above.
26 verbose exit [ 1, true ]
